<?xml version="1.0" encoding="UTF-8"?>
<coverage generated="1693147507787" clover="3.2.0">
  <project timestamp="1693147507787" name="All files">
    <metrics statements="22" coveredstatements="22" conditionals="22" coveredconditionals="21" methods="1" coveredmethods="1" elements="45" coveredelements="44" complexity="0" loc="22" ncloc="22" packages="1" files="1" classes="1"/>
    <file name="isStrictEqual.js" path="/Users/vladimirioanrotariu/Desktop/challenge/gtrhhe/public/src/API/isStrictEqual.js">
      <metrics statements="22" coveredstatements="22" conditionals="22" coveredconditionals="21" methods="1" coveredmethods="1"/>
      <line num="1" count="1" type="stmt"/>
      <line num="4" count="7" type="cond" truecount="4" falsecount="0"/>
      <line num="8" count="7" type="cond" truecount="6" falsecount="0"/>
      <line num="9" count="1" type="stmt"/>
      <line num="12" count="6" type="cond" truecount="4" falsecount="0"/>
      <line num="14" count="1" type="stmt"/>
      <line num="17" count="1" type="cond" truecount="2" falsecount="0"/>
      <line num="20" count="1" type="cond" truecount="1" falsecount="1"/>
      <line num="23" count="2" type="cond" truecount="4" falsecount="0"/>
      <line num="24" count="1" type="stmt"/>
      <line num="25" count="1" type="stmt"/>
      <line num="26" count="1" type="stmt"/>
      <line num="27" count="1" type="stmt"/>
      <line num="29" count="1" type="stmt"/>
      <line num="30" count="4" type="stmt"/>
      <line num="35" count="1" type="stmt"/>
      <line num="36" count="1" type="stmt"/>
      <line num="37" count="1" type="stmt"/>
      <line num="38" count="1" type="stmt"/>
      <line num="39" count="1" type="stmt"/>
      <line num="41" count="1" type="stmt"/>
      <line num="43" count="1" type="stmt"/>
    </file>
  </project>
</coverage>
