{"/Users/vladimirioanrotariu/Desktop/challenge/gtrhhe/public/src/API/isStrictEqual.js": {"path":"/Users/vladimirioanrotariu/Desktop/challenge/gtrhhe/public/src/API/isStrictEqual.js","statementMap":{"0":{"start":{"line":1,"column":22},"end":{"line":44,"column":1}},"1":{"start":{"line":4,"column":2},"end":{"line":6,"column":59}},"2":{"start":{"line":8,"column":2},"end":{"line":10,"column":3}},"3":{"start":{"line":9,"column":4},"end":{"line":9,"column":16}},"4":{"start":{"line":12,"column":2},"end":{"line":42,"column":3}},"5":{"start":{"line":14,"column":6},"end":{"line":14,"column":19}},"6":{"start":{"line":17,"column":6},"end":{"line":17,"column":50}},"7":{"start":{"line":20,"column":6},"end":{"line":20,"column":39}},"8":{"start":{"line":23,"column":6},"end":{"line":40,"column":7}},"9":{"start":{"line":24,"column":27},"end":{"line":24,"column":40}},"10":{"start":{"line":25,"column":26},"end":{"line":25,"column":42}},"11":{"start":{"line":26,"column":26},"end":{"line":26,"column":42}},"12":{"start":{"line":27,"column":29},"end":{"line":27,"column":31}},"13":{"start":{"line":29,"column":8},"end":{"line":33,"column":9}},"14":{"start":{"line":29,"column":21},"end":{"line":29,"column":22}},"15":{"start":{"line":30,"column":10},"end":{"line":32,"column":12}},"16":{"start":{"line":35,"column":31},"end":{"line":35,"column":58}},"17":{"start":{"line":36,"column":29},"end":{"line":36,"column":31}},"18":{"start":{"line":37,"column":8},"end":{"line":37,"column":57}},"19":{"start":{"line":38,"column":8},"end":{"line":38,"column":69}},"20":{"start":{"line":39,"column":8},"end":{"line":39,"column":47}},"21":{"start":{"line":41,"column":6},"end":{"line":41,"column":19}},"22":{"start":{"line":43,"column":2},"end":{"line":43,"column":15}}},"fnMap":{"0":{"name":"(anonymous_0)","decl":{"start":{"line":1,"column":22},"end":{"line":1,"column":23}},"loc":{"start":{"line":1,"column":42},"end":{"line":44,"column":1}},"line":1}},"branchMap":{"0":{"loc":{"start":{"line":4,"column":2},"end":{"line":6,"column":58}},"type":"cond-expr","locations":[{"start":{"line":5,"column":7},"end":{"line":5,"column":31}},{"start":{"line":6,"column":7},"end":{"line":6,"column":57}}],"line":4},"1":{"loc":{"start":{"line":4,"column":2},"end":{"line":4,"column":46}},"type":"binary-expr","locations":[{"start":{"line":4,"column":2},"end":{"line":4,"column":22}},{"start":{"line":4,"column":26},"end":{"line":4,"column":46}}],"line":4},"2":{"loc":{"start":{"line":8,"column":2},"end":{"line":10,"column":3}},"type":"if","locations":[{"start":{"line":8,"column":2},"end":{"line":10,"column":3}},{"start":{},"end":{}}],"line":8},"3":{"loc":{"start":{"line":8,"column":6},"end":{"line":8,"column":62}},"type":"binary-expr","locations":[{"start":{"line":8,"column":6},"end":{"line":8,"column":17}},{"start":{"line":8,"column":21},"end":{"line":8,"column":32}},{"start":{"line":8,"column":36},"end":{"line":8,"column":47}},{"start":{"line":8,"column":51},"end":{"line":8,"column":62}}],"line":8},"4":{"loc":{"start":{"line":12,"column":2},"end":{"line":42,"column":3}},"type":"switch","locations":[{"start":{"line":13,"column":4},"end":{"line":14,"column":19}},{"start":{"line":16,"column":4},"end":{"line":17,"column":50}},{"start":{"line":19,"column":4},"end":{"line":20,"column":39}},{"start":{"line":22,"column":4},"end":{"line":41,"column":19}}],"line":12},"5":{"loc":{"start":{"line":17,"column":13},"end":{"line":17,"column":49}},"type":"binary-expr","locations":[{"start":{"line":17,"column":13},"end":{"line":17,"column":29}},{"start":{"line":17,"column":33},"end":{"line":17,"column":49}}],"line":17},"6":{"loc":{"start":{"line":20,"column":13},"end":{"line":20,"column":38}},"type":"cond-expr","locations":[{"start":{"line":20,"column":22},"end":{"line":20,"column":28}},{"start":{"line":20,"column":31},"end":{"line":20,"column":38}}],"line":20},"7":{"loc":{"start":{"line":23,"column":6},"end":{"line":40,"column":7}},"type":"if","locations":[{"start":{"line":23,"column":6},"end":{"line":40,"column":7}},{"start":{},"end":{}}],"line":23},"8":{"loc":{"start":{"line":23,"column":10},"end":{"line":23,"column":74}},"type":"binary-expr","locations":[{"start":{"line":23,"column":10},"end":{"line":23,"column":40}},{"start":{"line":23,"column":44},"end":{"line":23,"column":74}}],"line":23}},"s":{"0":1,"1":8,"2":8,"3":1,"4":7,"5":1,"6":1,"7":2,"8":2,"9":1,"10":1,"11":1,"12":1,"13":1,"14":1,"15":4,"16":1,"17":1,"18":1,"19":1,"20":1,"21":1,"22":1},"f":{"0":8},"b":{"0":[1,7],"1":[8,7],"2":[1,7],"3":[8,2,2,1],"4":[1,1,2,2],"5":[1,1],"6":[1,1],"7":[1,1],"8":[2,1]},"_coverageSchema":"1a1c01bbd47fc00a2c39e90264f33305004495a9","hash":"03c012f6a51a8c511cef58c08207b9803cb8ec72"}
}
