TN:
SF:public/src/API/isStrictEqual.js
FN:1,(anonymous_0)
FNF:1
FNH:1
FNDA:8,(anonymous_0)
DA:1,1
DA:4,8
DA:8,8
DA:9,1
DA:12,7
DA:14,1
DA:17,1
DA:20,2
DA:23,2
DA:24,1
DA:25,1
DA:26,1
DA:27,1
DA:29,1
DA:30,4
DA:35,1
DA:36,1
DA:37,1
DA:38,1
DA:39,1
DA:41,1
DA:43,1
LF:22
LH:22
BRDA:4,0,0,1
BRDA:4,0,1,7
BRDA:4,1,0,8
BRDA:4,1,1,7
BRDA:8,2,0,1
BRDA:8,2,1,7
BRDA:8,3,0,8
BRDA:8,3,1,2
BRDA:8,3,2,2
BRDA:8,3,3,1
BRDA:12,4,0,1
BRDA:12,4,1,1
BRDA:12,4,2,2
BRDA:12,4,3,2
BRDA:17,5,0,1
BRDA:17,5,1,1
BRDA:20,6,0,1
BRDA:20,6,1,1
BRDA:23,7,0,1
BRDA:23,7,1,1
BRDA:23,8,0,2
BRDA:23,8,1,1
BRF:22
BRH:22
end_of_record
